  main.cpp
  NOTE: Use of this header (boost/multiprecision/random.hpp) is deprecated: please use the random number library headers directly.
C:\Users\Administrator\Desktop\Studing\kursach\Crypto.Cipher.ElGamal.Cpp-master\Crypto.ElGamal.Cpp\main.cpp(276,21): warning C4018: '<': signed/unsigned mismatch
C:\Users\Administrator\Desktop\Studing\kursach\Crypto.Cipher.ElGamal.Cpp-master\Crypto.ElGamal.Cpp\main.cpp(295,20): warning C4018: '<': signed/unsigned mismatch
C:\Users\Administrator\Desktop\Studing\kursach\Crypto.Cipher.ElGamal.Cpp-master\Crypto.ElGamal.Cpp\main.cpp(360,21): warning C4018: '<': signed/unsigned mismatch
C:\Users\Administrator\Desktop\Studing\kursach\Crypto.Cipher.ElGamal.Cpp-master\Crypto.ElGamal.Cpp\main.cpp(379,20): warning C4018: '<': signed/unsigned mismatch
C:\Users\Administrator\Desktop\Studing\kursach\Crypto.Cipher.ElGamal.Cpp-master\Crypto.ElGamal.Cpp\main.cpp(444,21): warning C4018: '<': signed/unsigned mismatch
C:\Users\Administrator\Desktop\Studing\kursach\Crypto.Cipher.ElGamal.Cpp-master\Crypto.ElGamal.Cpp\main.cpp(463,20): warning C4018: '<': signed/unsigned mismatch
C:\Users\Administrator\Desktop\Studing\kursach\Crypto.Cipher.ElGamal.Cpp-master\Crypto.ElGamal.Cpp\main.cpp(535,21): warning C4018: '<': signed/unsigned mismatch
C:\Users\Administrator\Desktop\Studing\kursach\Crypto.Cipher.ElGamal.Cpp-master\Crypto.ElGamal.Cpp\main.cpp(553,20): warning C4018: '<': signed/unsigned mismatch
C:\Program Files\Microsoft Visual Studio\2022\Community\VC\Tools\MSVC\14.39.33519\include\xutility(4537,18): warning C4244: '=': conversion from 'const wchar_t' to 'char', possible loss of data
  (compiling source file 'main.cpp')
  C:\Program Files\Microsoft Visual Studio\2022\Community\VC\Tools\MSVC\14.39.33519\include\xutility(4537,18):
  the template instantiation context (the oldest one first) is
  	C:\Users\Administrator\Desktop\Studing\kursach\Crypto.Cipher.ElGamal.Cpp-master\Crypto.ElGamal.Cpp\main.cpp(127,17):
  	see reference to function template instantiation 'std::basic_string<char,std::char_traits<char>,std::allocator<char>>::basic_string<std::_String_const_iterator<std::_String_val<std::_Simple_types<_Elem>>>,0>(_Iter,_Iter,const _Alloc &)' being compiled
          with
          [
              _Elem=wchar_t,
              _Iter=std::_String_const_iterator<std::_String_val<std::_Simple_types<wchar_t>>>,
              _Alloc=std::allocator<char>
          ]
  		C:\Users\Administrator\Desktop\Studing\kursach\Crypto.Cipher.ElGamal.Cpp-master\Crypto.ElGamal.Cpp\main.cpp(127,17):
  		see the first reference to 'std::basic_string<char,std::char_traits<char>,std::allocator<char>>::basic_string' in 'wstringToString'
  	C:\Program Files\Microsoft Visual Studio\2022\Community\VC\Tools\MSVC\14.39.33519\include\xstring(2600,17):
  	see reference to function template instantiation 'void std::basic_string<char,std::char_traits<char>,std::allocator<char>>::_Construct_from_iter<const wchar_t*,const wchar_t*,_Size_type>(_Iter,const _Sent,_Size)' being compiled
          with
          [
              _Size_type=unsigned int,
              _Iter=const wchar_t *,
              _Sent=const wchar_t *,
              _Size=unsigned int
          ]
  	C:\Program Files\Microsoft Visual Studio\2022\Community\VC\Tools\MSVC\14.39.33519\include\xstring(2756,18):
  	see reference to function template instantiation '_OutIt *std::_Copy_n_unchecked4<const wchar_t*,_Size,char*>(_InIt,_SizeTy,_OutIt)' being compiled
          with
          [
              _OutIt=char *,
              _Size=unsigned int,
              _InIt=const wchar_t *,
              _SizeTy=unsigned int
          ]
  
C:\Users\Administrator\Desktop\Studing\kursach\Crypto.Cipher.ElGamal.Cpp-master\Crypto.ElGamal.Cpp\main.cpp(156,1): warning C4715: 'openFileDialog': not all control paths return a value
  Crypto.ElGamal.Cpp.vcxproj -> C:\Users\Administrator\Desktop\Studing\kursach\Crypto.Cipher.ElGamal.Cpp-master\Debug\Crypto.ElGamal.Cpp.exe
